<?xml version="1.0" encoding="UTF-8"?>
<testsuite name="Task2KtTest" tests="10" skipped="0" failures="0" errors="0" timestamp="2021-09-27T17:18:33" hostname="LAPTOP-NH1A3JQV" time="0.02">
  <properties/>
  <testcase name="commisionIs_discountForMirNotAdded" classname="Task2KtTest" time="0.017"/>
  <testcase name="commisionIs_discountForMir" classname="Task2KtTest" time="0.0"/>
  <testcase name="commisionIs_discountForVkPayNotAdded" classname="Task2KtTest" time="0.0"/>
  <testcase name="commisionIs_discountForVisaNotAdded" classname="Task2KtTest" time="0.0"/>
  <testcase name="commisionIs_discountForVkPay" classname="Task2KtTest" time="0.0"/>
  <testcase name="commisionIs_discountForMaestro" classname="Task2KtTest" time="0.0"/>
  <testcase name="commisionIs_discountForMaestroNotAdded" classname="Task2KtTest" time="0.0"/>
  <testcase name="commisionIs_discountForMasterCardNotAdded" classname="Task2KtTest" time="0.0"/>
  <testcase name="commisionIs_discountForMasterCard" classname="Task2KtTest" time="0.0"/>
  <testcase name="commisionIs_discountForVisa" classname="Task2KtTest" time="0.001"/>
  <system-out><![CDATA[]]></system-out>
  <system-err><![CDATA[]]></system-err>
</testsuite>
